  [1m[35m (335.8ms)[0m  [1m[35mCREATE DATABASE "disaster_survival_api_development" ENCODING = 'unicode'[0m
  [1m[35m (287.7ms)[0m  [1m[35mCREATE DATABASE "disaster_survival_api_test" ENCODING = 'unicode'[0m
  [1m[35m (30.8ms)[0m  [1m[35mCREATE TABLE "schema_migrations" ("version" character varying NOT NULL PRIMARY KEY)[0m
  [1m[35m (5.8ms)[0m  [1m[35mCREATE TABLE "ar_internal_metadata" ("key" character varying NOT NULL PRIMARY KEY, "value" character varying, "created_at" timestamp(6) NOT NULL, "updated_at" timestamp(6) NOT NULL)[0m
  [1m[35m (1.1ms)[0m  [1m[34mSELECT pg_try_advisory_lock(6978825959941408020)[0m
  [1m[35m (2.2ms)[0m  [1m[34mSELECT "schema_migrations"."version" FROM "schema_migrations" ORDER BY "schema_migrations"."version" ASC[0m
Migrating to CreateUsers (20191112000353)
  [1m[35m (0.2ms)[0m  [1m[35mBEGIN[0m
  [1m[35m (8.7ms)[0m  [1m[35mCREATE TABLE "users" ("id" bigserial primary key, "username" character varying, "created_at" timestamp(6) NOT NULL, "updated_at" timestamp(6) NOT NULL)[0m
  [1m[36mprimary::SchemaMigration Create (0.8ms)[0m  [1m[32mINSERT INTO "schema_migrations" ("version") VALUES ($1) RETURNING "version"[0m  [["version", "20191112000353"]]
  [1m[35m (0.5ms)[0m  [1m[35mCOMMIT[0m
Migrating to CreateGames (20191112000400)
  [1m[35m (0.5ms)[0m  [1m[35mBEGIN[0m
  [1m[35m (13.6ms)[0m  [1m[35mCREATE TABLE "games" ("id" bigserial primary key, "game_name" character varying, "score" integer, "health" integer, "turn" integer, "status" boolean, "user_id" bigint NOT NULL, "created_at" timestamp(6) NOT NULL, "updated_at" timestamp(6) NOT NULL, CONSTRAINT "fk_rails_de9e6ea7f7"
FOREIGN KEY ("user_id")
  REFERENCES "users" ("id")
)[0m
  [1m[35m (3.0ms)[0m  [1m[35mCREATE  INDEX  "index_games_on_user_id" ON "games"  ("user_id")[0m
  [1m[36mprimary::SchemaMigration Create (1.6ms)[0m  [1m[32mINSERT INTO "schema_migrations" ("version") VALUES ($1) RETURNING "version"[0m  [["version", "20191112000400"]]
  [1m[35m (0.6ms)[0m  [1m[35mCOMMIT[0m
Migrating to CreateDisasters (20191112000424)
  [1m[35m (0.4ms)[0m  [1m[35mBEGIN[0m
  [1m[35m (9.4ms)[0m  [1m[35mCREATE TABLE "disasters" ("id" bigserial primary key, "name" character varying, "damage" integer, "game_id" bigint NOT NULL, "created_at" timestamp(6) NOT NULL, "updated_at" timestamp(6) NOT NULL, CONSTRAINT "fk_rails_0e5edd95b5"
FOREIGN KEY ("game_id")
  REFERENCES "games" ("id")
)[0m
  [1m[35m (1.9ms)[0m  [1m[35mCREATE  INDEX  "index_disasters_on_game_id" ON "disasters"  ("game_id")[0m
  [1m[36mprimary::SchemaMigration Create (0.4ms)[0m  [1m[32mINSERT INTO "schema_migrations" ("version") VALUES ($1) RETURNING "version"[0m  [["version", "20191112000424"]]
  [1m[35m (0.6ms)[0m  [1m[35mCOMMIT[0m
Migrating to CreateHints (20191112000610)
  [1m[35m (1.0ms)[0m  [1m[35mBEGIN[0m
  [1m[35m (7.3ms)[0m  [1m[35mCREATE TABLE "hints" ("id" bigserial primary key, "content" character varying, "probability" integer, "disaster_id" bigint NOT NULL, "created_at" timestamp(6) NOT NULL, "updated_at" timestamp(6) NOT NULL, CONSTRAINT "fk_rails_279eb73f41"
FOREIGN KEY ("disaster_id")
  REFERENCES "disasters" ("id")
)[0m
  [1m[35m (2.1ms)[0m  [1m[35mCREATE  INDEX  "index_hints_on_disaster_id" ON "hints"  ("disaster_id")[0m
  [1m[36mprimary::SchemaMigration Create (0.5ms)[0m  [1m[32mINSERT INTO "schema_migrations" ("version") VALUES ($1) RETURNING "version"[0m  [["version", "20191112000610"]]
  [1m[35m (0.6ms)[0m  [1m[35mCOMMIT[0m
Migrating to CreateProtections (20191112000921)
  [1m[35m (0.6ms)[0m  [1m[35mBEGIN[0m
  [1m[35m (11.5ms)[0m  [1m[35mCREATE TABLE "protections" ("id" bigserial primary key, "name" character varying, "price" integer, "buff" integer, "game_id" bigint NOT NULL, "created_at" timestamp(6) NOT NULL, "updated_at" timestamp(6) NOT NULL, CONSTRAINT "fk_rails_1bf807a014"
FOREIGN KEY ("game_id")
  REFERENCES "games" ("id")
)[0m
  [1m[35m (3.1ms)[0m  [1m[35mCREATE  INDEX  "index_protections_on_game_id" ON "protections"  ("game_id")[0m
  [1m[36mprimary::SchemaMigration Create (0.9ms)[0m  [1m[32mINSERT INTO "schema_migrations" ("version") VALUES ($1) RETURNING "version"[0m  [["version", "20191112000921"]]
  [1m[35m (1.1ms)[0m  [1m[35mCOMMIT[0m
  [1m[36mActiveRecord::InternalMetadata Load (2.2ms)[0m  [1m[34mSELECT "ar_internal_metadata".* FROM "ar_internal_metadata" WHERE "ar_internal_metadata"."key" = $1 LIMIT $2[0m  [["key", "environment"], ["LIMIT", 1]]
  [1m[35m (0.6ms)[0m  [1m[35mBEGIN[0m
  [1m[36mActiveRecord::InternalMetadata Create (2.9ms)[0m  [1m[32mINSERT INTO "ar_internal_metadata" ("key", "value", "created_at", "updated_at") VALUES ($1, $2, $3, $4) RETURNING "key"[0m  [["key", "environment"], ["value", "development"], ["created_at", "2019-11-12 18:15:50.394503"], ["updated_at", "2019-11-12 18:15:50.394503"]]
  [1m[35m (0.5ms)[0m  [1m[35mCOMMIT[0m
  [1m[35m (0.4ms)[0m  [1m[34mSELECT pg_advisory_unlock(6978825959941408020)[0m
  [1m[35m (2.7ms)[0m  [1m[34mSELECT "schema_migrations"."version" FROM "schema_migrations" ORDER BY "schema_migrations"."version" ASC[0m
  [1m[35m (1.1ms)[0m  [1m[34mSELECT "schema_migrations"."version" FROM "schema_migrations" ORDER BY "schema_migrations"."version" ASC[0m
  [1m[35m (0.2ms)[0m  [1m[35mBEGIN[0m
  [1m[36mUser Create (1.2ms)[0m  [1m[32mINSERT INTO "users" ("username", "created_at", "updated_at") VALUES ($1, $2, $3) RETURNING "id"[0m  [["username", "Admin"], ["created_at", "2019-11-12 18:15:52.821503"], ["updated_at", "2019-11-12 18:15:52.821503"]]
  [1m[35m (1.0ms)[0m  [1m[35mCOMMIT[0m
  [1m[35m (0.2ms)[0m  [1m[35mBEGIN[0m
  [1m[36mUser Load (0.5ms)[0m  [1m[34mSELECT "users".* FROM "users" WHERE "users"."id" = $1 LIMIT $2[0m  [["id", 1], ["LIMIT", 1]]
  [1m[36mGame Create (3.8ms)[0m  [1m[32mINSERT INTO "games" ("game_name", "score", "health", "turn", "status", "user_id", "created_at", "updated_at") VALUES ($1, $2, $3, $4, $5, $6, $7, $8) RETURNING "id"[0m  [["game_name", "Test"], ["score", 1], ["health", 100], ["turn", 1], ["status", true], ["user_id", 1], ["created_at", "2019-11-12 18:15:52.882546"], ["updated_at", "2019-11-12 18:15:52.882546"]]
  [1m[35m (0.4ms)[0m  [1m[35mCOMMIT[0m
  [1m[35m (0.2ms)[0m  [1m[35mBEGIN[0m
  [1m[36mGame Load (0.3ms)[0m  [1m[34mSELECT "games".* FROM "games" WHERE "games"."id" = $1 LIMIT $2[0m  [["id", 1], ["LIMIT", 1]]
  [1m[36mDisaster Create (1.0ms)[0m  [1m[32mINSERT INTO "disasters" ("name", "damage", "game_id", "created_at", "updated_at") VALUES ($1, $2, $3, $4, $5) RETURNING "id"[0m  [["name", "Hurricane"], ["damage", 3], ["game_id", 1], ["created_at", "2019-11-12 18:15:52.908376"], ["updated_at", "2019-11-12 18:15:52.908376"]]
  [1m[35m (0.4ms)[0m  [1m[35mCOMMIT[0m
  [1m[35m (0.2ms)[0m  [1m[35mBEGIN[0m
  [1m[36mGame Load (0.3ms)[0m  [1m[34mSELECT "games".* FROM "games" WHERE "games"."id" = $1 LIMIT $2[0m  [["id", 1], ["LIMIT", 1]]
  [1m[36mDisaster Create (0.5ms)[0m  [1m[32mINSERT INTO "disasters" ("name", "damage", "game_id", "created_at", "updated_at") VALUES ($1, $2, $3, $4, $5) RETURNING "id"[0m  [["name", "Tsunami"], ["damage", 7], ["game_id", 1], ["created_at", "2019-11-12 18:15:52.915020"], ["updated_at", "2019-11-12 18:15:52.915020"]]
  [1m[35m (0.3ms)[0m  [1m[35mCOMMIT[0m
  [1m[35m (0.1ms)[0m  [1m[35mBEGIN[0m
  [1m[36mGame Load (0.3ms)[0m  [1m[34mSELECT "games".* FROM "games" WHERE "games"."id" = $1 LIMIT $2[0m  [["id", 1], ["LIMIT", 1]]
  [1m[36mDisaster Create (0.5ms)[0m  [1m[32mINSERT INTO "disasters" ("name", "damage", "game_id", "created_at", "updated_at") VALUES ($1, $2, $3, $4, $5) RETURNING "id"[0m  [["name", "Volcanoes"], ["damage", 6], ["game_id", 1], ["created_at", "2019-11-12 18:15:52.920685"], ["updated_at", "2019-11-12 18:15:52.920685"]]
  [1m[35m (0.4ms)[0m  [1m[35mCOMMIT[0m
  [1m[35m (0.3ms)[0m  [1m[35mBEGIN[0m
  [1m[36mGame Load (0.7ms)[0m  [1m[34mSELECT "games".* FROM "games" WHERE "games"."id" = $1 LIMIT $2[0m  [["id", 1], ["LIMIT", 1]]
  [1m[36mDisaster Create (0.7ms)[0m  [1m[32mINSERT INTO "disasters" ("name", "damage", "game_id", "created_at", "updated_at") VALUES ($1, $2, $3, $4, $5) RETURNING "id"[0m  [["name", "Squatters"], ["damage", 2], ["game_id", 1], ["created_at", "2019-11-12 18:15:52.932780"], ["updated_at", "2019-11-12 18:15:52.932780"]]
  [1m[35m (0.4ms)[0m  [1m[35mCOMMIT[0m
  [1m[35m (0.2ms)[0m  [1m[35mBEGIN[0m
  [1m[36mGame Load (0.3ms)[0m  [1m[34mSELECT "games".* FROM "games" WHERE "games"."id" = $1 LIMIT $2[0m  [["id", 1], ["LIMIT", 1]]
  [1m[36mProtection Create (1.1ms)[0m  [1m[32mINSERT INTO "protections" ("name", "price", "buff", "game_id", "created_at", "updated_at") VALUES ($1, $2, $3, $4, $5, $6) RETURNING "id"[0m  [["name", "Plywood"], ["price", 20], ["buff", 1], ["game_id", 1], ["created_at", "2019-11-12 18:15:52.953705"], ["updated_at", "2019-11-12 18:15:52.953705"]]
  [1m[35m (0.5ms)[0m  [1m[35mCOMMIT[0m
  [1m[35m (0.1ms)[0m  [1m[35mBEGIN[0m
  [1m[36mGame Load (0.3ms)[0m  [1m[34mSELECT "games".* FROM "games" WHERE "games"."id" = $1 LIMIT $2[0m  [["id", 1], ["LIMIT", 1]]
  [1m[36mProtection Create (0.4ms)[0m  [1m[32mINSERT INTO "protections" ("name", "price", "buff", "game_id", "created_at", "updated_at") VALUES ($1, $2, $3, $4, $5, $6) RETURNING "id"[0m  [["name", "Hurricane Shutters"], ["price", 100], ["buff", 1000], ["game_id", 1], ["created_at", "2019-11-12 18:15:52.959863"], ["updated_at", "2019-11-12 18:15:52.959863"]]
  [1m[35m (0.5ms)[0m  [1m[35mCOMMIT[0m
  [1m[35m (0.1ms)[0m  [1m[35mBEGIN[0m
  [1m[36mGame Load (0.2ms)[0m  [1m[34mSELECT "games".* FROM "games" WHERE "games"."id" = $1 LIMIT $2[0m  [["id", 1], ["LIMIT", 1]]
  [1m[36mProtection Create (0.5ms)[0m  [1m[32mINSERT INTO "protections" ("name", "price", "buff", "game_id", "created_at", "updated_at") VALUES ($1, $2, $3, $4, $5, $6) RETURNING "id"[0m  [["name", "Sandbags"], ["price", 20], ["buff", 1], ["game_id", 1], ["created_at", "2019-11-12 18:15:52.965497"], ["updated_at", "2019-11-12 18:15:52.965497"]]
  [1m[35m (0.5ms)[0m  [1m[35mCOMMIT[0m
  [1m[35m (0.2ms)[0m  [1m[35mBEGIN[0m
  [1m[36mGame Load (0.2ms)[0m  [1m[34mSELECT "games".* FROM "games" WHERE "games"."id" = $1 LIMIT $2[0m  [["id", 1], ["LIMIT", 1]]
  [1m[36mProtection Create (0.5ms)[0m  [1m[32mINSERT INTO "protections" ("name", "price", "buff", "game_id", "created_at", "updated_at") VALUES ($1, $2, $3, $4, $5, $6) RETURNING "id"[0m  [["name", "Steel Braces + Bolts"], ["price", 1000], ["buff", 10000], ["game_id", 1], ["created_at", "2019-11-12 18:15:52.983779"], ["updated_at", "2019-11-12 18:15:52.983779"]]
  [1m[35m (0.5ms)[0m  [1m[35mCOMMIT[0m
  [1m[35m (0.2ms)[0m  [1m[35mBEGIN[0m
  [1m[36mGame Load (0.2ms)[0m  [1m[34mSELECT "games".* FROM "games" WHERE "games"."id" = $1 LIMIT $2[0m  [["id", 1], ["LIMIT", 1]]
  [1m[36mProtection Create (0.5ms)[0m  [1m[32mINSERT INTO "protections" ("name", "price", "buff", "game_id", "created_at", "updated_at") VALUES ($1, $2, $3, $4, $5, $6) RETURNING "id"[0m  [["name", "Concrete Foundation"], ["price", 100000], ["buff", 200000], ["game_id", 1], ["created_at", "2019-11-12 18:15:52.989464"], ["updated_at", "2019-11-12 18:15:52.989464"]]
  [1m[35m (0.5ms)[0m  [1m[35mCOMMIT[0m
  [1m[36mUser Load (0.6ms)[0m  [1m[34mSELECT "users".* FROM "users" LIMIT $1[0m  [["LIMIT", 11]]
  [1m[36mGame Load (0.8ms)[0m  [1m[34mSELECT "games".* FROM "games" LIMIT $1[0m  [["LIMIT", 11]]
  [1m[36mDisaster Load (1.0ms)[0m  [1m[34mSELECT "disasters".* FROM "disasters" LIMIT $1[0m  [["LIMIT", 11]]
  [1m[36mProtection Load (1.1ms)[0m  [1m[34mSELECT "protections".* FROM "protections" LIMIT $1[0m  [["LIMIT", 11]]
Started GET "/users" for ::1 at 2019-11-12 10:17:25 -0800
  [1m[35m (1.4ms)[0m  [1m[34mSELECT "schema_migrations"."version" FROM "schema_migrations" ORDER BY "schema_migrations"."version" ASC[0m
  
SyntaxError (/Users/daniel/Desktop/Disaster-Survival/app/controllers/users_controller.rb:4: syntax error, unexpected tIDENTIFIER, expecting end
    render :json users, only: [:username]
                 ^~~~~):
  
app/controllers/users_controller.rb:4: syntax error, unexpected tIDENTIFIER, expecting end
app/controllers/users_controller.rb:4: syntax error, unexpected tIDENTIFIER, expecting end
Started GET "/favicon.ico" for ::1 at 2019-11-12 10:17:26 -0800
  
ActionController::RoutingError (No route matches [GET] "/favicon.ico"):
  
actionpack (6.0.1) lib/action_dispatch/middleware/debug_exceptions.rb:36:in `call'
actionpack (6.0.1) lib/action_dispatch/middleware/show_exceptions.rb:33:in `call'
railties (6.0.1) lib/rails/rack/logger.rb:38:in `call_app'
railties (6.0.1) lib/rails/rack/logger.rb:26:in `block in call'
activesupport (6.0.1) lib/active_support/tagged_logging.rb:80:in `block in tagged'
activesupport (6.0.1) lib/active_support/tagged_logging.rb:28:in `tagged'
activesupport (6.0.1) lib/active_support/tagged_logging.rb:80:in `tagged'
railties (6.0.1) lib/rails/rack/logger.rb:26:in `call'
actionpack (6.0.1) lib/action_dispatch/middleware/remote_ip.rb:81:in `call'
actionpack (6.0.1) lib/action_dispatch/middleware/request_id.rb:27:in `call'
rack (2.0.7) lib/rack/runtime.rb:22:in `call'
activesupport (6.0.1) lib/active_support/cache/strategy/local_cache_middleware.rb:29:in `call'
actionpack (6.0.1) lib/action_dispatch/middleware/executor.rb:14:in `call'
actionpack (6.0.1) lib/action_dispatch/middleware/static.rb:126:in `call'
rack (2.0.7) lib/rack/sendfile.rb:111:in `call'
actionpack (6.0.1) lib/action_dispatch/middleware/host_authorization.rb:83:in `call'
rack-cors (1.0.3) lib/rack/cors.rb:95:in `call'
railties (6.0.1) lib/rails/engine.rb:526:in `call'
puma (4.3.0) lib/puma/configuration.rb:228:in `call'
puma (4.3.0) lib/puma/server.rb:667:in `handle_request'
puma (4.3.0) lib/puma/server.rb:470:in `process_client'
puma (4.3.0) lib/puma/server.rb:328:in `block in run'
puma (4.3.0) lib/puma/thread_pool.rb:134:in `block in spawn_thread'
Started GET "/users" for ::1 at 2019-11-12 10:18:00 -0800
Processing by UsersController#index as HTML
  [1m[36mUser Load (1.1ms)[0m  [1m[34mSELECT "users".* FROM "users"[0m
  ↳ app/controllers/users_controller.rb:3:in `index'
[active_model_serializers] Rendered ActiveModel::Serializer::CollectionSerializer with ActiveModelSerializers::Adapter::Attributes (1.11ms)
Completed 200 OK in 39ms (Views: 24.8ms | ActiveRecord: 9.1ms | Allocations: 7590)


Started GET "/users" for ::1 at 2019-11-12 10:19:39 -0800
Processing by UsersController#index as HTML
  [1m[36mUser Load (0.6ms)[0m  [1m[34mSELECT "users".* FROM "users"[0m
  ↳ app/controllers/users_controller.rb:3:in `index'
[active_model_serializers] Rendered ActiveModel::Serializer::CollectionSerializer with ActiveModelSerializers::Adapter::Attributes (0.53ms)
Completed 200 OK in 5ms (Views: 3.9ms | ActiveRecord: 0.6ms | Allocations: 1064)


Started GET "/users/1" for ::1 at 2019-11-12 10:22:48 -0800
Processing by UsersController#show as HTML
  Parameters: {"id"=>"1"}
  [1m[36mUser Load (0.7ms)[0m  [1m[34mSELECT "users".* FROM "users" WHERE "users"."id" = $1 LIMIT $2[0m  [["id", 1], ["LIMIT", 1]]
  ↳ app/controllers/users_controller.rb:7:in `show'
Completed 204 No Content in 18ms (ActiveRecord: 1.0ms | Allocations: 2624)


Started GET "/users/1" for ::1 at 2019-11-12 10:22:51 -0800
Processing by UsersController#show as HTML
  Parameters: {"id"=>"1"}
  [1m[36mUser Load (0.9ms)[0m  [1m[34mSELECT "users".* FROM "users" WHERE "users"."id" = $1 LIMIT $2[0m  [["id", 1], ["LIMIT", 1]]
  ↳ app/controllers/users_controller.rb:7:in `show'
Completed 204 No Content in 4ms (ActiveRecord: 0.9ms | Allocations: 552)


Started GET "/users" for ::1 at 2019-11-12 10:23:07 -0800
Processing by UsersController#index as HTML
  [1m[36mUser Load (0.6ms)[0m  [1m[34mSELECT "users".* FROM "users"[0m
  ↳ app/controllers/users_controller.rb:3:in `index'
[active_model_serializers] Rendered ActiveModel::Serializer::CollectionSerializer with ActiveModelSerializers::Adapter::Attributes (0.5ms)
Completed 200 OK in 5ms (Views: 4.4ms | ActiveRecord: 0.6ms | Allocations: 1044)


Started GET "/users/1" for ::1 at 2019-11-12 10:23:10 -0800
Processing by UsersController#show as HTML
  Parameters: {"id"=>"1"}
  [1m[36mUser Load (2.0ms)[0m  [1m[34mSELECT "users".* FROM "users" WHERE "users"."id" = $1 LIMIT $2[0m  [["id", 1], ["LIMIT", 1]]
  ↳ app/controllers/users_controller.rb:7:in `show'
Completed 204 No Content in 4ms (ActiveRecord: 2.0ms | Allocations: 556)


Started GET "/users/1" for ::1 at 2019-11-12 10:23:16 -0800
Processing by UsersController#show as HTML
  Parameters: {"id"=>"1"}
  [1m[36mUser Load (2.0ms)[0m  [1m[34mSELECT "users".* FROM "users" WHERE "users"."id" = $1 LIMIT $2[0m  [["id", 1], ["LIMIT", 1]]
  ↳ app/controllers/users_controller.rb:7:in `show'
Completed 204 No Content in 3ms (ActiveRecord: 2.0ms | Allocations: 539)


Started GET "/users/1" for ::1 at 2019-11-12 10:23:19 -0800
Processing by UsersController#show as HTML
  Parameters: {"id"=>"1"}
  [1m[36mUser Load (0.8ms)[0m  [1m[34mSELECT "users".* FROM "users" WHERE "users"."id" = $1 LIMIT $2[0m  [["id", 1], ["LIMIT", 1]]
  ↳ app/controllers/users_controller.rb:7:in `show'
Completed 204 No Content in 3ms (ActiveRecord: 0.8ms | Allocations: 539)


Started GET "/users/1" for ::1 at 2019-11-12 10:23:42 -0800
Processing by UsersController#show as HTML
  Parameters: {"id"=>"1"}
  [1m[36mUser Load (0.3ms)[0m  [1m[34mSELECT "users".* FROM "users" WHERE "users"."id" = $1 LIMIT $2[0m  [["id", 1], ["LIMIT", 1]]
  ↳ app/controllers/users_controller.rb:7:in `show'
[active_model_serializers] Rendered UserSerializer with ActiveModelSerializers::Adapter::Attributes (0.47ms)
Completed 200 OK in 18ms (Views: 2.1ms | ActiveRecord: 7.5ms | Allocations: 4411)


Started GET "/games" for ::1 at 2019-11-12 10:26:37 -0800
Processing by GamesController#index as HTML
  [1m[36mGame Load (1.3ms)[0m  [1m[34mSELECT "games".* FROM "games"[0m
  ↳ app/controllers/games_controller.rb:4:in `index'
[active_model_serializers]   [1m[36mUser Load (0.3ms)[0m  [1m[34mSELECT "users".* FROM "users" WHERE "users"."id" = $1 LIMIT $2[0m  [["id", 1], ["LIMIT", 1]]
[active_model_serializers]   ↳ app/controllers/games_controller.rb:4:in `index'
[active_model_serializers] Rendered ActiveModel::Serializer::CollectionSerializer with ActiveModelSerializers::Adapter::Attributes (34.88ms)
Completed 200 OK in 80ms (Views: 58.3ms | ActiveRecord: 14.9ms | Allocations: 16790)


Started GET "/games/1" for ::1 at 2019-11-12 10:30:51 -0800
Processing by GamesController#show as HTML
  Parameters: {"id"=>"1"}
  [1m[36mGame Load (0.3ms)[0m  [1m[34mSELECT "games".* FROM "games" WHERE "games"."id" = $1 LIMIT $2[0m  [["id", 1], ["LIMIT", 1]]
  ↳ app/controllers/games_controller.rb:8:in `show'
[active_model_serializers]   [1m[36mUser Load (0.2ms)[0m  [1m[34mSELECT "users".* FROM "users" WHERE "users"."id" = $1 LIMIT $2[0m  [["id", 1], ["LIMIT", 1]]
[active_model_serializers]   ↳ app/controllers/games_controller.rb:9:in `show'
[active_model_serializers] Rendered GameSerializer with ActiveModelSerializers::Adapter::Attributes (14.77ms)
Completed 200 OK in 40ms (Views: 11.0ms | ActiveRecord: 13.0ms | Allocations: 12969)


  [1m[36mGame Load (0.7ms)[0m  [1m[34mSELECT "games".* FROM "games" LIMIT $1[0m  [["LIMIT", 11]]
  [1m[36mGame Load (0.5ms)[0m  [1m[34mSELECT "games".* FROM "games" ORDER BY "games"."id" ASC LIMIT $1[0m  [["LIMIT", 1]]
  [1m[36mGame Load (0.5ms)[0m  [1m[34mSELECT "games".* FROM "games" ORDER BY "games"."id" ASC LIMIT $1[0m  [["LIMIT", 1]]
Started GET "/games/1" for ::1 at 2019-11-12 10:39:08 -0800
  [1m[35m (1.0ms)[0m  [1m[34mSELECT "schema_migrations"."version" FROM "schema_migrations" ORDER BY "schema_migrations"."version" ASC[0m
Processing by GamesController#show as HTML
  Parameters: {"id"=>"1"}
  [1m[36mGame Load (1.3ms)[0m  [1m[34mSELECT "games".* FROM "games" WHERE "games"."id" = $1 LIMIT $2[0m  [["id", 1], ["LIMIT", 1]]
  ↳ app/controllers/games_controller.rb:8:in `show'
[active_model_serializers]   [1m[36mUser Load (0.6ms)[0m  [1m[34mSELECT "users".* FROM "users" WHERE "users"."id" = $1 LIMIT $2[0m  [["id", 1], ["LIMIT", 1]]
[active_model_serializers]   ↳ app/controllers/games_controller.rb:9:in `show'
[active_model_serializers] Rendered GameSerializer with ActiveModelSerializers::Adapter::Attributes (30.61ms)
Completed 200 OK in 104ms (Views: 53.3ms | ActiveRecord: 19.4ms | Allocations: 17860)


Started GET "/users/1" for ::1 at 2019-11-12 10:45:58 -0800
  [1m[35m (1.5ms)[0m  [1m[34mSELECT "schema_migrations"."version" FROM "schema_migrations" ORDER BY "schema_migrations"."version" ASC[0m
Processing by UsersController#show as HTML
  Parameters: {"id"=>"1"}
  [1m[36mUser Load (1.1ms)[0m  [1m[34mSELECT "users".* FROM "users" WHERE "users"."id" = $1 LIMIT $2[0m  [["id", 1], ["LIMIT", 1]]
  ↳ app/controllers/users_controller.rb:7:in `show'
[active_model_serializers] Rendered UserSerializer with ActiveModelSerializers::Adapter::Attributes (0.92ms)
Completed 200 OK in 49ms (Views: 11.0ms | ActiveRecord: 12.7ms | Allocations: 6407)


Started GET "/users" for ::1 at 2019-11-12 10:46:03 -0800
Processing by UsersController#index as HTML
  [1m[36mUser Load (1.3ms)[0m  [1m[34mSELECT "users".* FROM "users"[0m
  ↳ app/controllers/users_controller.rb:3:in `index'
[active_model_serializers] Rendered ActiveModel::Serializer::CollectionSerializer with ActiveModelSerializers::Adapter::Attributes (0.82ms)
Completed 200 OK in 7ms (Views: 5.5ms | ActiveRecord: 1.3ms | Allocations: 1073)


Started GET "/games" for ::1 at 2019-11-12 10:46:05 -0800
Processing by GamesController#index as HTML
  [1m[36mGame Load (2.6ms)[0m  [1m[34mSELECT "games".* FROM "games"[0m
  ↳ app/controllers/games_controller.rb:4:in `index'
[active_model_serializers]   [1m[36mUser Load (0.5ms)[0m  [1m[34mSELECT "users".* FROM "users" WHERE "users"."id" = $1 LIMIT $2[0m  [["id", 1], ["LIMIT", 1]]
[active_model_serializers]   ↳ app/controllers/games_controller.rb:4:in `index'
[active_model_serializers] Rendered ActiveModel::Serializer::CollectionSerializer with ActiveModelSerializers::Adapter::Attributes (13.82ms)
Completed 200 OK in 90ms (Views: 64.4ms | ActiveRecord: 15.4ms | Allocations: 12374)


Started GET "/games" for ::1 at 2019-11-12 11:00:52 -0800
  [1m[35m (1.1ms)[0m  [1m[34mSELECT "schema_migrations"."version" FROM "schema_migrations" ORDER BY "schema_migrations"."version" ASC[0m
Processing by GamesController#index as HTML
  [1m[36mGame Load (2.3ms)[0m  [1m[34mSELECT "games".* FROM "games"[0m
  ↳ app/controllers/games_controller.rb:4:in `index'
[active_model_serializers]   [1m[36mUser Load (0.8ms)[0m  [1m[34mSELECT "users".* FROM "users" WHERE "users"."id" = $1 LIMIT $2[0m  [["id", 1], ["LIMIT", 1]]
[active_model_serializers]   ↳ app/controllers/games_controller.rb:4:in `index'
[active_model_serializers] Rendered ActiveModel::Serializer::CollectionSerializer with ActiveModelSerializers::Adapter::Attributes (35.89ms)
Completed 200 OK in 103ms (Views: 69.3ms | ActiveRecord: 19.5ms | Allocations: 18129)


Started GET "/games/1" for ::1 at 2019-11-12 11:02:10 -0800
Processing by GamesController#show as HTML
  Parameters: {"id"=>"1"}
  [1m[36mGame Load (0.8ms)[0m  [1m[34mSELECT "games".* FROM "games" WHERE "games"."id" = $1 LIMIT $2[0m  [["id", 1], ["LIMIT", 1]]
  ↳ app/controllers/games_controller.rb:8:in `show'
[active_model_serializers]   [1m[36mUser Load (0.5ms)[0m  [1m[34mSELECT "users".* FROM "users" WHERE "users"."id" = $1 LIMIT $2[0m  [["id", 1], ["LIMIT", 1]]
[active_model_serializers]   ↳ app/controllers/games_controller.rb:9:in `show'
[active_model_serializers] Rendered GameSerializer with ActiveModelSerializers::Adapter::Attributes (5.11ms)
Completed 200 OK in 11ms (Views: 5.6ms | ActiveRecord: 1.3ms | Allocations: 2178)


Started GET "/games" for ::1 at 2019-11-12 11:03:35 -0800
Processing by GamesController#index as */*
  [1m[36mGame Load (0.6ms)[0m  [1m[34mSELECT "games".* FROM "games"[0m
  ↳ app/controllers/games_controller.rb:4:in `index'
[active_model_serializers]   [1m[36mUser Load (0.5ms)[0m  [1m[34mSELECT "users".* FROM "users" WHERE "users"."id" = $1 LIMIT $2[0m  [["id", 1], ["LIMIT", 1]]
[active_model_serializers]   ↳ app/controllers/games_controller.rb:4:in `index'
[active_model_serializers] Rendered ActiveModel::Serializer::CollectionSerializer with ActiveModelSerializers::Adapter::Attributes (5.66ms)
Completed 200 OK in 9ms (Views: 7.4ms | ActiveRecord: 1.1ms | Allocations: 2424)


Started GET "/games" for ::1 at 2019-11-12 11:03:40 -0800
Processing by GamesController#index as */*
  [1m[36mGame Load (0.5ms)[0m  [1m[34mSELECT "games".* FROM "games"[0m
  ↳ app/controllers/games_controller.rb:4:in `index'
[active_model_serializers]   [1m[36mUser Load (0.6ms)[0m  [1m[34mSELECT "users".* FROM "users" WHERE "users"."id" = $1 LIMIT $2[0m  [["id", 1], ["LIMIT", 1]]
[active_model_serializers]   ↳ app/controllers/games_controller.rb:4:in `index'
[active_model_serializers] Rendered ActiveModel::Serializer::CollectionSerializer with ActiveModelSerializers::Adapter::Attributes (4.54ms)
Completed 200 OK in 8ms (Views: 6.6ms | ActiveRecord: 1.1ms | Allocations: 2403)


Started GET "/games" for ::1 at 2019-11-12 11:04:08 -0800
Processing by GamesController#index as */*
  [1m[36mGame Load (0.8ms)[0m  [1m[34mSELECT "games".* FROM "games"[0m
  ↳ app/controllers/games_controller.rb:4:in `index'
[active_model_serializers]   [1m[36mUser Load (0.6ms)[0m  [1m[34mSELECT "users".* FROM "users" WHERE "users"."id" = $1 LIMIT $2[0m  [["id", 1], ["LIMIT", 1]]
[active_model_serializers]   ↳ app/controllers/games_controller.rb:4:in `index'
[active_model_serializers] Rendered ActiveModel::Serializer::CollectionSerializer with ActiveModelSerializers::Adapter::Attributes (7.19ms)
Completed 200 OK in 13ms (Views: 10.9ms | ActiveRecord: 1.4ms | Allocations: 2423)


Started GET "/games" for ::1 at 2019-11-12 11:05:06 -0800
Processing by GamesController#index as */*
  [1m[36mGame Load (1.4ms)[0m  [1m[34mSELECT "games".* FROM "games"[0m
  ↳ app/controllers/games_controller.rb:4:in `index'
[active_model_serializers]   [1m[36mUser Load (18.2ms)[0m  [1m[34mSELECT "users".* FROM "users" WHERE "users"."id" = $1 LIMIT $2[0m  [["id", 1], ["LIMIT", 1]]
[active_model_serializers]   ↳ app/controllers/games_controller.rb:4:in `index'
[active_model_serializers] Rendered ActiveModel::Serializer::CollectionSerializer with ActiveModelSerializers::Adapter::Attributes (30.24ms)
Completed 200 OK in 38ms (Views: 18.1ms | ActiveRecord: 19.7ms | Allocations: 2423)


Started GET "/games" for ::1 at 2019-11-12 11:05:06 -0800
Processing by GamesController#index as */*
  [1m[36mGame Load (1.5ms)[0m  [1m[34mSELECT "games".* FROM "games"[0m
  ↳ app/controllers/games_controller.rb:4:in `index'
[active_model_serializers]   [1m[36mUser Load (0.4ms)[0m  [1m[34mSELECT "users".* FROM "users" WHERE "users"."id" = $1 LIMIT $2[0m  [["id", 1], ["LIMIT", 1]]
[active_model_serializers]   ↳ app/controllers/games_controller.rb:4:in `index'
[active_model_serializers] Rendered ActiveModel::Serializer::CollectionSerializer with ActiveModelSerializers::Adapter::Attributes (9.92ms)
Completed 200 OK in 19ms (Views: 16.4ms | ActiveRecord: 1.9ms | Allocations: 2403)


Started GET "/games" for ::1 at 2019-11-12 11:05:07 -0800
Processing by GamesController#index as */*
  [1m[36mGame Load (0.7ms)[0m  [1m[34mSELECT "games".* FROM "games"[0m
  ↳ app/controllers/games_controller.rb:4:in `index'
[active_model_serializers]   [1m[36mUser Load (0.4ms)[0m  [1m[34mSELECT "users".* FROM "users" WHERE "users"."id" = $1 LIMIT $2[0m  [["id", 1], ["LIMIT", 1]]
[active_model_serializers]   ↳ app/controllers/games_controller.rb:4:in `index'
[active_model_serializers] Rendered ActiveModel::Serializer::CollectionSerializer with ActiveModelSerializers::Adapter::Attributes (7.88ms)
Completed 200 OK in 15ms (Views: 13.1ms | ActiveRecord: 1.2ms | Allocations: 2403)


Started GET "/games" for ::1 at 2019-11-12 11:05:07 -0800
Processing by GamesController#index as */*
  [1m[36mGame Load (1.8ms)[0m  [1m[34mSELECT "games".* FROM "games"[0m
  ↳ app/controllers/games_controller.rb:4:in `index'
[active_model_serializers]   [1m[36mUser Load (1.7ms)[0m  [1m[34mSELECT "users".* FROM "users" WHERE "users"."id" = $1 LIMIT $2[0m  [["id", 1], ["LIMIT", 1]]
[active_model_serializers]   ↳ app/controllers/games_controller.rb:4:in `index'
[active_model_serializers] Rendered ActiveModel::Serializer::CollectionSerializer with ActiveModelSerializers::Adapter::Attributes (11.39ms)
Completed 200 OK in 22ms (Views: 17.6ms | ActiveRecord: 3.5ms | Allocations: 2403)


Started GET "/games" for ::1 at 2019-11-12 11:05:07 -0800
Processing by GamesController#index as */*
  [1m[36mGame Load (0.6ms)[0m  [1m[34mSELECT "games".* FROM "games"[0m
  ↳ app/controllers/games_controller.rb:4:in `index'
[active_model_serializers]   [1m[36mUser Load (0.5ms)[0m  [1m[34mSELECT "users".* FROM "users" WHERE "users"."id" = $1 LIMIT $2[0m  [["id", 1], ["LIMIT", 1]]
[active_model_serializers]   ↳ app/controllers/games_controller.rb:4:in `index'
[active_model_serializers] Rendered ActiveModel::Serializer::CollectionSerializer with ActiveModelSerializers::Adapter::Attributes (10.01ms)
Completed 200 OK in 17ms (Views: 15.1ms | ActiveRecord: 1.2ms | Allocations: 2403)


Started GET "/games" for ::1 at 2019-11-12 11:05:07 -0800
Processing by GamesController#index as */*
  [1m[36mGame Load (0.6ms)[0m  [1m[34mSELECT "games".* FROM "games"[0m
  ↳ app/controllers/games_controller.rb:4:in `index'
[active_model_serializers]   [1m[36mUser Load (0.5ms)[0m  [1m[34mSELECT "users".* FROM "users" WHERE "users"."id" = $1 LIMIT $2[0m  [["id", 1], ["LIMIT", 1]]
[active_model_serializers]   ↳ app/controllers/games_controller.rb:4:in `index'
[active_model_serializers] Rendered ActiveModel::Serializer::CollectionSerializer with ActiveModelSerializers::Adapter::Attributes (8.08ms)
Completed 200 OK in 16ms (Views: 13.6ms | ActiveRecord: 1.1ms | Allocations: 2403)


Started GET "/games" for ::1 at 2019-11-12 11:05:07 -0800
Processing by GamesController#index as */*
  [1m[36mGame Load (0.6ms)[0m  [1m[34mSELECT "games".* FROM "games"[0m
  ↳ app/controllers/games_controller.rb:4:in `index'
[active_model_serializers]   [1m[36mUser Load (0.3ms)[0m  [1m[34mSELECT "users".* FROM "users" WHERE "users"."id" = $1 LIMIT $2[0m  [["id", 1], ["LIMIT", 1]]
[active_model_serializers]   ↳ app/controllers/games_controller.rb:4:in `index'
[active_model_serializers] Rendered ActiveModel::Serializer::CollectionSerializer with ActiveModelSerializers::Adapter::Attributes (10.4ms)
Completed 200 OK in 17ms (Views: 15.8ms | ActiveRecord: 1.0ms | Allocations: 2403)


Started GET "/games" for ::1 at 2019-11-12 11:05:08 -0800
Processing by GamesController#index as */*
  [1m[36mGame Load (1.3ms)[0m  [1m[34mSELECT "games".* FROM "games"[0m
  ↳ app/controllers/games_controller.rb:4:in `index'
[active_model_serializers]   [1m[36mUser Load (0.4ms)[0m  [1m[34mSELECT "users".* FROM "users" WHERE "users"."id" = $1 LIMIT $2[0m  [["id", 1], ["LIMIT", 1]]
[active_model_serializers]   ↳ app/controllers/games_controller.rb:4:in `index'
[active_model_serializers] Rendered ActiveModel::Serializer::CollectionSerializer with ActiveModelSerializers::Adapter::Attributes (6.92ms)
Completed 200 OK in 13ms (Views: 11.5ms | ActiveRecord: 1.7ms | Allocations: 2403)


Started GET "/games" for ::1 at 2019-11-12 11:05:08 -0800
Processing by GamesController#index as */*
  [1m[36mGame Load (0.4ms)[0m  [1m[34mSELECT "games".* FROM "games"[0m
  ↳ app/controllers/games_controller.rb:4:in `index'
[active_model_serializers]   [1m[36mUser Load (0.4ms)[0m  [1m[34mSELECT "users".* FROM "users" WHERE "users"."id" = $1 LIMIT $2[0m  [["id", 1], ["LIMIT", 1]]
[active_model_serializers]   ↳ app/controllers/games_controller.rb:4:in `index'
[active_model_serializers] Rendered ActiveModel::Serializer::CollectionSerializer with ActiveModelSerializers::Adapter::Attributes (7.73ms)
Completed 200 OK in 14ms (Views: 12.5ms | ActiveRecord: 0.8ms | Allocations: 2403)


Started GET "/games" for ::1 at 2019-11-12 11:05:08 -0800
Processing by GamesController#index as */*
  [1m[36mGame Load (5.3ms)[0m  [1m[34mSELECT "games".* FROM "games"[0m
  ↳ app/controllers/games_controller.rb:4:in `index'
[active_model_serializers]   [1m[36mUser Load (2.3ms)[0m  [1m[34mSELECT "users".* FROM "users" WHERE "users"."id" = $1 LIMIT $2[0m  [["id", 1], ["LIMIT", 1]]
[active_model_serializers]   ↳ app/controllers/games_controller.rb:4:in `index'
[active_model_serializers] Rendered ActiveModel::Serializer::CollectionSerializer with ActiveModelSerializers::Adapter::Attributes (6.89ms)
Completed 200 OK in 18ms (Views: 10.2ms | ActiveRecord: 7.6ms | Allocations: 2404)


Started GET "/games" for ::1 at 2019-11-12 11:05:08 -0800
Processing by GamesController#index as */*
  [1m[36mGame Load (0.6ms)[0m  [1m[34mSELECT "games".* FROM "games"[0m
  ↳ app/controllers/games_controller.rb:4:in `index'
[active_model_serializers]   [1m[36mUser Load (0.4ms)[0m  [1m[34mSELECT "users".* FROM "users" WHERE "users"."id" = $1 LIMIT $2[0m  [["id", 1], ["LIMIT", 1]]
[active_model_serializers]   ↳ app/controllers/games_controller.rb:4:in `index'
[active_model_serializers] Rendered ActiveModel::Serializer::CollectionSerializer with ActiveModelSerializers::Adapter::Attributes (4.83ms)
Completed 200 OK in 9ms (Views: 7.8ms | ActiveRecord: 0.9ms | Allocations: 2403)


Started GET "/games" for ::1 at 2019-11-12 11:05:08 -0800
Processing by GamesController#index as */*
  [1m[36mGame Load (0.6ms)[0m  [1m[34mSELECT "games".* FROM "games"[0m
  ↳ app/controllers/games_controller.rb:4:in `index'
[active_model_serializers]   [1m[36mUser Load (0.3ms)[0m  [1m[34mSELECT "users".* FROM "users" WHERE "users"."id" = $1 LIMIT $2[0m  [["id", 1], ["LIMIT", 1]]
[active_model_serializers]   ↳ app/controllers/games_controller.rb:4:in `index'
[active_model_serializers] Rendered ActiveModel::Serializer::CollectionSerializer with ActiveModelSerializers::Adapter::Attributes (3.79ms)
Completed 200 OK in 7ms (Views: 6.0ms | ActiveRecord: 0.9ms | Allocations: 2403)


Started GET "/games" for ::1 at 2019-11-12 11:05:22 -0800
Processing by GamesController#index as */*
  [1m[36mGame Load (3.8ms)[0m  [1m[34mSELECT "games".* FROM "games"[0m
  ↳ app/controllers/games_controller.rb:4:in `index'
[active_model_serializers]   [1m[36mUser Load (7.4ms)[0m  [1m[34mSELECT "users".* FROM "users" WHERE "users"."id" = $1 LIMIT $2[0m  [["id", 1], ["LIMIT", 1]]
[active_model_serializers]   ↳ app/controllers/games_controller.rb:4:in `index'
[active_model_serializers] Rendered ActiveModel::Serializer::CollectionSerializer with ActiveModelSerializers::Adapter::Attributes (10.69ms)
Completed 200 OK in 18ms (Views: 6.5ms | ActiveRecord: 11.2ms | Allocations: 2403)


Started GET "/games" for ::1 at 2019-11-12 11:05:45 -0800
Processing by GamesController#index as */*
  [1m[36mGame Load (0.6ms)[0m  [1m[34mSELECT "games".* FROM "games"[0m
  ↳ app/controllers/games_controller.rb:4:in `index'
[active_model_serializers]   [1m[36mUser Load (0.5ms)[0m  [1m[34mSELECT "users".* FROM "users" WHERE "users"."id" = $1 LIMIT $2[0m  [["id", 1], ["LIMIT", 1]]
[active_model_serializers]   ↳ app/controllers/games_controller.rb:4:in `index'
[active_model_serializers] Rendered ActiveModel::Serializer::CollectionSerializer with ActiveModelSerializers::Adapter::Attributes (4.6ms)
Completed 200 OK in 9ms (Views: 7.0ms | ActiveRecord: 1.1ms | Allocations: 2403)


Started GET "/games" for ::1 at 2019-11-12 11:06:44 -0800
Processing by GamesController#index as */*
  [1m[36mGame Load (1.3ms)[0m  [1m[34mSELECT "games".* FROM "games"[0m
  ↳ app/controllers/games_controller.rb:4:in `index'
[active_model_serializers]   [1m[36mUser Load (1.0ms)[0m  [1m[34mSELECT "users".* FROM "users" WHERE "users"."id" = $1 LIMIT $2[0m  [["id", 1], ["LIMIT", 1]]
[active_model_serializers]   ↳ app/controllers/games_controller.rb:4:in `index'
[active_model_serializers] Rendered ActiveModel::Serializer::CollectionSerializer with ActiveModelSerializers::Adapter::Attributes (6.21ms)
Completed 200 OK in 11ms (Views: 8.6ms | ActiveRecord: 2.3ms | Allocations: 2403)


Started GET "/games" for ::1 at 2019-11-12 11:07:04 -0800
Processing by GamesController#index as */*
  [1m[36mGame Load (1.3ms)[0m  [1m[34mSELECT "games".* FROM "games"[0m
  ↳ app/controllers/games_controller.rb:4:in `index'
[active_model_serializers]   [1m[36mUser Load (0.6ms)[0m  [1m[34mSELECT "users".* FROM "users" WHERE "users"."id" = $1 LIMIT $2[0m  [["id", 1], ["LIMIT", 1]]
[active_model_serializers]   ↳ app/controllers/games_controller.rb:4:in `index'
[active_model_serializers] Rendered ActiveModel::Serializer::CollectionSerializer with ActiveModelSerializers::Adapter::Attributes (5.46ms)
Completed 200 OK in 10ms (Views: 7.8ms | ActiveRecord: 1.9ms | Allocations: 2403)


Started GET "/games" for ::1 at 2019-11-12 11:07:47 -0800
Processing by GamesController#index as */*
  [1m[36mGame Load (0.8ms)[0m  [1m[34mSELECT "games".* FROM "games"[0m
  ↳ app/controllers/games_controller.rb:4:in `index'
[active_model_serializers]   [1m[36mUser Load (1.1ms)[0m  [1m[34mSELECT "users".* FROM "users" WHERE "users"."id" = $1 LIMIT $2[0m  [["id", 1], ["LIMIT", 1]]
[active_model_serializers]   ↳ app/controllers/games_controller.rb:4:in `index'
[active_model_serializers] Rendered ActiveModel::Serializer::CollectionSerializer with ActiveModelSerializers::Adapter::Attributes (6.6ms)
Completed 200 OK in 12ms (Views: 9.7ms | ActiveRecord: 1.9ms | Allocations: 2403)


Started GET "/games" for ::1 at 2019-11-12 11:08:03 -0800
Processing by GamesController#index as */*
  [1m[36mGame Load (1.2ms)[0m  [1m[34mSELECT "games".* FROM "games"[0m
  ↳ app/controllers/games_controller.rb:4:in `index'
[active_model_serializers]   [1m[36mUser Load (0.5ms)[0m  [1m[34mSELECT "users".* FROM "users" WHERE "users"."id" = $1 LIMIT $2[0m  [["id", 1], ["LIMIT", 1]]
[active_model_serializers]   ↳ app/controllers/games_controller.rb:4:in `index'
[active_model_serializers] Rendered ActiveModel::Serializer::CollectionSerializer with ActiveModelSerializers::Adapter::Attributes (7.12ms)
Completed 200 OK in 13ms (Views: 11.2ms | ActiveRecord: 1.6ms | Allocations: 2403)


Started GET "/games" for ::1 at 2019-11-12 11:09:16 -0800
Processing by GamesController#index as */*
  [1m[36mGame Load (0.7ms)[0m  [1m[34mSELECT "games".* FROM "games"[0m
  ↳ app/controllers/games_controller.rb:4:in `index'
[active_model_serializers]   [1m[36mUser Load (0.4ms)[0m  [1m[34mSELECT "users".* FROM "users" WHERE "users"."id" = $1 LIMIT $2[0m  [["id", 1], ["LIMIT", 1]]
[active_model_serializers]   ↳ app/controllers/games_controller.rb:4:in `index'
[active_model_serializers] Rendered ActiveModel::Serializer::CollectionSerializer with ActiveModelSerializers::Adapter::Attributes (8.15ms)
Completed 200 OK in 15ms (Views: 13.0ms | ActiveRecord: 1.1ms | Allocations: 2403)


Started GET "/games" for ::1 at 2019-11-12 11:09:17 -0800
Processing by GamesController#index as */*
  [1m[36mGame Load (2.0ms)[0m  [1m[34mSELECT "games".* FROM "games"[0m
  ↳ app/controllers/games_controller.rb:4:in `index'
[active_model_serializers]   [1m[36mUser Load (1.0ms)[0m  [1m[34mSELECT "users".* FROM "users" WHERE "users"."id" = $1 LIMIT $2[0m  [["id", 1], ["LIMIT", 1]]
[active_model_serializers]   ↳ app/controllers/games_controller.rb:4:in `index'
[active_model_serializers] Rendered ActiveModel::Serializer::CollectionSerializer with ActiveModelSerializers::Adapter::Attributes (8.38ms)
Completed 200 OK in 18ms (Views: 14.2ms | ActiveRecord: 3.0ms | Allocations: 2403)


Started GET "/games" for ::1 at 2019-11-12 11:09:21 -0800
Processing by GamesController#index as */*
  [1m[36mGame Load (0.7ms)[0m  [1m[34mSELECT "games".* FROM "games"[0m
  ↳ app/controllers/games_controller.rb:4:in `index'
[active_model_serializers]   [1m[36mUser Load (0.5ms)[0m  [1m[34mSELECT "users".* FROM "users" WHERE "users"."id" = $1 LIMIT $2[0m  [["id", 1], ["LIMIT", 1]]
[active_model_serializers]   ↳ app/controllers/games_controller.rb:4:in `index'
[active_model_serializers] Rendered ActiveModel::Serializer::CollectionSerializer with ActiveModelSerializers::Adapter::Attributes (10.01ms)
Completed 200 OK in 16ms (Views: 14.3ms | ActiveRecord: 1.2ms | Allocations: 2403)


Started GET "/games" for ::1 at 2019-11-12 11:09:22 -0800
Processing by GamesController#index as */*
  [1m[36mGame Load (1.8ms)[0m  [1m[34mSELECT "games".* FROM "games"[0m
  ↳ app/controllers/games_controller.rb:4:in `index'
[active_model_serializers]   [1m[36mUser Load (1.4ms)[0m  [1m[34mSELECT "users".* FROM "users" WHERE "users"."id" = $1 LIMIT $2[0m  [["id", 1], ["LIMIT", 1]]
[active_model_serializers]   ↳ app/controllers/games_controller.rb:4:in `index'
[active_model_serializers] Rendered ActiveModel::Serializer::CollectionSerializer with ActiveModelSerializers::Adapter::Attributes (9.18ms)
Completed 200 OK in 19ms (Views: 15.1ms | ActiveRecord: 3.2ms | Allocations: 2403)


Started GET "/games" for ::1 at 2019-11-12 11:09:31 -0800
Processing by GamesController#index as */*
  [1m[36mGame Load (0.6ms)[0m  [1m[34mSELECT "games".* FROM "games"[0m
  ↳ app/controllers/games_controller.rb:4:in `index'
[active_model_serializers]   [1m[36mUser Load (0.8ms)[0m  [1m[34mSELECT "users".* FROM "users" WHERE "users"."id" = $1 LIMIT $2[0m  [["id", 1], ["LIMIT", 1]]
[active_model_serializers]   ↳ app/controllers/games_controller.rb:4:in `index'
[active_model_serializers] Rendered ActiveModel::Serializer::CollectionSerializer with ActiveModelSerializers::Adapter::Attributes (9.64ms)
Completed 200 OK in 17ms (Views: 15.5ms | ActiveRecord: 1.4ms | Allocations: 2403)


Started GET "/games" for ::1 at 2019-11-12 11:09:32 -0800
Processing by GamesController#index as */*
  [1m[36mGame Load (0.7ms)[0m  [1m[34mSELECT "games".* FROM "games"[0m
  ↳ app/controllers/games_controller.rb:4:in `index'
[active_model_serializers]   [1m[36mUser Load (0.4ms)[0m  [1m[34mSELECT "users".* FROM "users" WHERE "users"."id" = $1 LIMIT $2[0m  [["id", 1], ["LIMIT", 1]]
[active_model_serializers]   ↳ app/controllers/games_controller.rb:4:in `index'
[active_model_serializers] Rendered ActiveModel::Serializer::CollectionSerializer with ActiveModelSerializers::Adapter::Attributes (8.4ms)
Completed 200 OK in 15ms (Views: 12.4ms | ActiveRecord: 1.1ms | Allocations: 2403)


  [1m[35m (1.1ms)[0m  [1m[34mSELECT "schema_migrations"."version" FROM "schema_migrations" ORDER BY "schema_migrations"."version" ASC[0m
  [1m[35m (2.4ms)[0m  [1m[34mSELECT "ar_internal_metadata"."value" FROM "ar_internal_metadata" WHERE "ar_internal_metadata"."key" = $1[0m  [["key", "environment"]]
  [1m[35m (0.3ms)[0m  [1m[34mSELECT "schema_migrations"."version" FROM "schema_migrations" ORDER BY "schema_migrations"."version" ASC[0m
  [1m[35m (0.2ms)[0m  [1m[34mSELECT "ar_internal_metadata"."value" FROM "ar_internal_metadata" WHERE "ar_internal_metadata"."key" = $1[0m  [["key", "environment"]]
  [1m[35m (0.3ms)[0m  [1m[34mSELECT "schema_migrations"."version" FROM "schema_migrations" ORDER BY "schema_migrations"."version" ASC[0m
  [1m[35m (0.2ms)[0m  [1m[34mSELECT "ar_internal_metadata"."value" FROM "ar_internal_metadata" WHERE "ar_internal_metadata"."key" = $1[0m  [["key", "environment"]]
  [1m[35m (179.7ms)[0m  [1m[35mDROP DATABASE IF EXISTS "disaster_survival_api_development"[0m
  [1m[35m (157.8ms)[0m  [1m[35mDROP DATABASE IF EXISTS "disaster_survival_api_test"[0m
  [1m[35m (411.5ms)[0m  [1m[35mCREATE DATABASE "disaster_survival_api_development" ENCODING = 'unicode'[0m
  [1m[35m (285.9ms)[0m  [1m[35mCREATE DATABASE "disaster_survival_api_test" ENCODING = 'unicode'[0m
  [1m[35m (7.1ms)[0m  [1m[35mCREATE TABLE "schema_migrations" ("version" character varying NOT NULL PRIMARY KEY)[0m
  [1m[35m (4.7ms)[0m  [1m[35mCREATE TABLE "ar_internal_metadata" ("key" character varying NOT NULL PRIMARY KEY, "value" character varying, "created_at" timestamp(6) NOT NULL, "updated_at" timestamp(6) NOT NULL)[0m
  [1m[35m (0.5ms)[0m  [1m[34mSELECT pg_try_advisory_lock(6978825959941408020)[0m
  [1m[35m (0.7ms)[0m  [1m[34mSELECT "schema_migrations"."version" FROM "schema_migrations" ORDER BY "schema_migrations"."version" ASC[0m
Migrating to CreateUsers (20191112000353)
  [1m[35m (0.2ms)[0m  [1m[35mBEGIN[0m
  [1m[35m (7.0ms)[0m  [1m[35mCREATE TABLE "users" ("id" bigserial primary key, "username" character varying, "created_at" timestamp(6) NOT NULL, "updated_at" timestamp(6) NOT NULL)[0m
  [1m[36mprimary::SchemaMigration Create (1.3ms)[0m  [1m[32mINSERT INTO "schema_migrations" ("version") VALUES ($1) RETURNING "version"[0m  [["version", "20191112000353"]]
  [1m[35m (0.5ms)[0m  [1m[35mCOMMIT[0m
Migrating to CreateGames (20191112000400)
  [1m[35m (0.3ms)[0m  [1m[35mBEGIN[0m
  [1m[35m (8.9ms)[0m  [1m[35mCREATE TABLE "games" ("id" bigserial primary key, "game_name" character varying, "score" integer, "health" integer, "turn" integer, "status" boolean, "user_id" bigint NOT NULL, "created_at" timestamp(6) NOT NULL, "updated_at" timestamp(6) NOT NULL, CONSTRAINT "fk_rails_de9e6ea7f7"
FOREIGN KEY ("user_id")
  REFERENCES "users" ("id")
)[0m
  [1m[35m (1.8ms)[0m  [1m[35mCREATE  INDEX  "index_games_on_user_id" ON "games"  ("user_id")[0m
  [1m[36mprimary::SchemaMigration Create (0.4ms)[0m  [1m[32mINSERT INTO "schema_migrations" ("version") VALUES ($1) RETURNING "version"[0m  [["version", "20191112000400"]]
  [1m[35m (1.0ms)[0m  [1m[35mCOMMIT[0m
Migrating to CreateDisasters (20191112000424)
  [1m[35m (0.9ms)[0m  [1m[35mBEGIN[0m
  [1m[35m (6.1ms)[0m  [1m[35mCREATE TABLE "disasters" ("id" bigserial primary key, "name" character varying, "damage" integer, "game_id" bigint NOT NULL, "created_at" timestamp(6) NOT NULL, "updated_at" timestamp(6) NOT NULL, CONSTRAINT "fk_rails_0e5edd95b5"
FOREIGN KEY ("game_id")
  REFERENCES "games" ("id")
)[0m
  [1m[35m (5.0ms)[0m  [1m[35mCREATE  INDEX  "index_disasters_on_game_id" ON "disasters"  ("game_id")[0m
  [1m[36mprimary::SchemaMigration Create (0.7ms)[0m  [1m[32mINSERT INTO "schema_migrations" ("version") VALUES ($1) RETURNING "version"[0m  [["version", "20191112000424"]]
  [1m[35m (0.8ms)[0m  [1m[35mCOMMIT[0m
Migrating to CreateHints (20191112000610)
  [1m[35m (0.4ms)[0m  [1m[35mBEGIN[0m
  [1m[35m (10.8ms)[0m  [1m[35mCREATE TABLE "hints" ("id" bigserial primary key, "content" character varying, "probability" integer, "disaster_id" bigint NOT NULL, "created_at" timestamp(6) NOT NULL, "updated_at" timestamp(6) NOT NULL, CONSTRAINT "fk_rails_279eb73f41"
FOREIGN KEY ("disaster_id")
  REFERENCES "disasters" ("id")
)[0m
  [1m[35m (1.6ms)[0m  [1m[35mCREATE  INDEX  "index_hints_on_disaster_id" ON "hints"  ("disaster_id")[0m
  [1m[36mprimary::SchemaMigration Create (1.8ms)[0m  [1m[32mINSERT INTO "schema_migrations" ("version") VALUES ($1) RETURNING "version"[0m  [["version", "20191112000610"]]
  [1m[35m (0.5ms)[0m  [1m[35mCOMMIT[0m
Migrating to CreateProtections (20191112000921)
  [1m[35m (0.7ms)[0m  [1m[35mBEGIN[0m
  [1m[35m (8.6ms)[0m  [1m[35mCREATE TABLE "protections" ("id" bigserial primary key, "name" character varying, "price" integer, "buff" integer, "game_id" bigint NOT NULL, "created_at" timestamp(6) NOT NULL, "updated_at" timestamp(6) NOT NULL, CONSTRAINT "fk_rails_1bf807a014"
FOREIGN KEY ("game_id")
  REFERENCES "games" ("id")
)[0m
  [1m[35m (2.4ms)[0m  [1m[35mCREATE  INDEX  "index_protections_on_game_id" ON "protections"  ("game_id")[0m
  [1m[36mprimary::SchemaMigration Create (0.5ms)[0m  [1m[32mINSERT INTO "schema_migrations" ("version") VALUES ($1) RETURNING "version"[0m  [["version", "20191112000921"]]
  [1m[35m (0.7ms)[0m  [1m[35mCOMMIT[0m
  [1m[36mActiveRecord::InternalMetadata Load (0.5ms)[0m  [1m[34mSELECT "ar_internal_metadata".* FROM "ar_internal_metadata" WHERE "ar_internal_metadata"."key" = $1 LIMIT $2[0m  [["key", "environment"], ["LIMIT", 1]]
  [1m[35m (0.3ms)[0m  [1m[35mBEGIN[0m
  [1m[36mActiveRecord::InternalMetadata Create (0.8ms)[0m  [1m[32mINSERT INTO "ar_internal_metadata" ("key", "value", "created_at", "updated_at") VALUES ($1, $2, $3, $4) RETURNING "key"[0m  [["key", "environment"], ["value", "development"], ["created_at", "2019-11-12 19:10:03.301220"], ["updated_at", "2019-11-12 19:10:03.301220"]]
  [1m[35m (0.5ms)[0m  [1m[35mCOMMIT[0m
  [1m[35m (0.5ms)[0m  [1m[34mSELECT pg_advisory_unlock(6978825959941408020)[0m
  [1m[35m (1.6ms)[0m  [1m[34mSELECT "schema_migrations"."version" FROM "schema_migrations" ORDER BY "schema_migrations"."version" ASC[0m
  [1m[35m (0.8ms)[0m  [1m[34mSELECT "schema_migrations"."version" FROM "schema_migrations" ORDER BY "schema_migrations"."version" ASC[0m
  [1m[35m (0.2ms)[0m  [1m[35mBEGIN[0m
  [1m[36mUser Create (1.1ms)[0m  [1m[32mINSERT INTO "users" ("username", "created_at", "updated_at") VALUES ($1, $2, $3) RETURNING "id"[0m  [["username", "Admin"], ["created_at", "2019-11-12 19:10:05.075215"], ["updated_at", "2019-11-12 19:10:05.075215"]]
  [1m[35m (0.6ms)[0m  [1m[35mCOMMIT[0m
  [1m[35m (0.2ms)[0m  [1m[35mBEGIN[0m
  [1m[36mUser Load (0.3ms)[0m  [1m[34mSELECT "users".* FROM "users" WHERE "users"."id" = $1 LIMIT $2[0m  [["id", 1], ["LIMIT", 1]]
  [1m[36mGame Create (1.3ms)[0m  [1m[32mINSERT INTO "games" ("game_name", "score", "health", "turn", "status", "user_id", "created_at", "updated_at") VALUES ($1, $2, $3, $4, $5, $6, $7, $8) RETURNING "id"[0m  [["game_name", "Test"], ["score", 1], ["health", 100], ["turn", 1], ["status", true], ["user_id", 1], ["created_at", "2019-11-12 19:10:05.108283"], ["updated_at", "2019-11-12 19:10:05.108283"]]
  [1m[35m (0.5ms)[0m  [1m[35mCOMMIT[0m
  [1m[35m (0.1ms)[0m  [1m[35mBEGIN[0m
  [1m[36mGame Load (0.3ms)[0m  [1m[34mSELECT "games".* FROM "games" WHERE "games"."id" = $1 LIMIT $2[0m  [["id", 1], ["LIMIT", 1]]
  [1m[36mDisaster Create (1.2ms)[0m  [1m[32mINSERT INTO "disasters" ("name", "damage", "game_id", "created_at", "updated_at") VALUES ($1, $2, $3, $4, $5) RETURNING "id"[0m  [["name", "Hurricane"], ["damage", 3], ["game_id", 1], ["created_at", "2019-11-12 19:10:05.129498"], ["updated_at", "2019-11-12 19:10:05.129498"]]
  [1m[35m (0.5ms)[0m  [1m[35mCOMMIT[0m
  [1m[35m (0.1ms)[0m  [1m[35mBEGIN[0m
  [1m[36mGame Load (0.3ms)[0m  [1m[34mSELECT "games".* FROM "games" WHERE "games"."id" = $1 LIMIT $2[0m  [["id", 1], ["LIMIT", 1]]
  [1m[36mDisaster Create (0.5ms)[0m  [1m[32mINSERT INTO "disasters" ("name", "damage", "game_id", "created_at", "updated_at") VALUES ($1, $2, $3, $4, $5) RETURNING "id"[0m  [["name", "Tsunami"], ["damage", 7], ["game_id", 1], ["created_at", "2019-11-12 19:10:05.136524"], ["updated_at", "2019-11-12 19:10:05.136524"]]
  [1m[35m (0.5ms)[0m  [1m[35mCOMMIT[0m
  [1m[35m (0.1ms)[0m  [1m[35mBEGIN[0m
  [1m[36mGame Load (0.3ms)[0m  [1m[34mSELECT "games".* FROM "games" WHERE "games"."id" = $1 LIMIT $2[0m  [["id", 1], ["LIMIT", 1]]
  [1m[36mDisaster Create (0.4ms)[0m  [1m[32mINSERT INTO "disasters" ("name", "damage", "game_id", "created_at", "updated_at") VALUES ($1, $2, $3, $4, $5) RETURNING "id"[0m  [["name", "Volcanoes"], ["damage", 6], ["game_id", 1], ["created_at", "2019-11-12 19:10:05.142415"], ["updated_at", "2019-11-12 19:10:05.142415"]]
  [1m[35m (0.4ms)[0m  [1m[35mCOMMIT[0m
  [1m[35m (0.2ms)[0m  [1m[35mBEGIN[0m
  [1m[36mGame Load (0.3ms)[0m  [1m[34mSELECT "games".* FROM "games" WHERE "games"."id" = $1 LIMIT $2[0m  [["id", 1], ["LIMIT", 1]]
  [1m[36mDisaster Create (0.4ms)[0m  [1m[32mINSERT INTO "disasters" ("name", "damage", "game_id", "created_at", "updated_at") VALUES ($1, $2, $3, $4, $5) RETURNING "id"[0m  [["name", "Squatters"], ["damage", 2], ["game_id", 1], ["created_at", "2019-11-12 19:10:05.147963"], ["updated_at", "2019-11-12 19:10:05.147963"]]
  [1m[35m (0.5ms)[0m  [1m[35mCOMMIT[0m
  [1m[35m (0.2ms)[0m  [1m[35mBEGIN[0m
  [1m[36mGame Load (0.4ms)[0m  [1m[34mSELECT "games".* FROM "games" WHERE "games"."id" = $1 LIMIT $2[0m  [["id", 1], ["LIMIT", 1]]
  [1m[36mProtection Create (1.2ms)[0m  [1m[32mINSERT INTO "protections" ("name", "price", "buff", "game_id", "created_at", "updated_at") VALUES ($1, $2, $3, $4, $5, $6) RETURNING "id"[0m  [["name", "Plywood"], ["price", 20], ["buff", 1], ["game_id", 1], ["created_at", "2019-11-12 19:10:05.185391"], ["updated_at", "2019-11-12 19:10:05.185391"]]
  [1m[35m (0.4ms)[0m  [1m[35mCOMMIT[0m
  [1m[35m (0.1ms)[0m  [1m[35mBEGIN[0m
  [1m[36mGame Load (0.3ms)[0m  [1m[34mSELECT "games".* FROM "games" WHERE "games"."id" = $1 LIMIT $2[0m  [["id", 1], ["LIMIT", 1]]
  [1m[36mProtection Create (0.5ms)[0m  [1m[32mINSERT INTO "protections" ("name", "price", "buff", "game_id", "created_at", "updated_at") VALUES ($1, $2, $3, $4, $5, $6) RETURNING "id"[0m  [["name", "Hurricane Shutters"], ["price", 100], ["buff", 1000], ["game_id", 1], ["created_at", "2019-11-12 19:10:05.191636"], ["updated_at", "2019-11-12 19:10:05.191636"]]
  [1m[35m (0.4ms)[0m  [1m[35mCOMMIT[0m
  [1m[35m (0.1ms)[0m  [1m[35mBEGIN[0m
  [1m[36mGame Load (0.2ms)[0m  [1m[34mSELECT "games".* FROM "games" WHERE "games"."id" = $1 LIMIT $2[0m  [["id", 1], ["LIMIT", 1]]
  [1m[36mProtection Create (0.5ms)[0m  [1m[32mINSERT INTO "protections" ("name", "price", "buff", "game_id", "created_at", "updated_at") VALUES ($1, $2, $3, $4, $5, $6) RETURNING "id"[0m  [["name", "Sandbags"], ["price", 20], ["buff", 1], ["game_id", 1], ["created_at", "2019-11-12 19:10:05.197056"], ["updated_at", "2019-11-12 19:10:05.197056"]]
  [1m[35m (0.4ms)[0m  [1m[35mCOMMIT[0m
  [1m[35m (0.1ms)[0m  [1m[35mBEGIN[0m
  [1m[36mGame Load (0.2ms)[0m  [1m[34mSELECT "games".* FROM "games" WHERE "games"."id" = $1 LIMIT $2[0m  [["id", 1], ["LIMIT", 1]]
  [1m[36mProtection Create (0.4ms)[0m  [1m[32mINSERT INTO "protections" ("name", "price", "buff", "game_id", "created_at", "updated_at") VALUES ($1, $2, $3, $4, $5, $6) RETURNING "id"[0m  [["name", "Steel Braces + Bolts"], ["price", 1000], ["buff", 10000], ["game_id", 1], ["created_at", "2019-11-12 19:10:05.202283"], ["updated_at", "2019-11-12 19:10:05.202283"]]
  [1m[35m (0.5ms)[0m  [1m[35mCOMMIT[0m
  [1m[35m (0.2ms)[0m  [1m[35mBEGIN[0m
  [1m[36mGame Load (0.2ms)[0m  [1m[34mSELECT "games".* FROM "games" WHERE "games"."id" = $1 LIMIT $2[0m  [["id", 1], ["LIMIT", 1]]
  [1m[36mProtection Create (0.5ms)[0m  [1m[32mINSERT INTO "protections" ("name", "price", "buff", "game_id", "created_at", "updated_at") VALUES ($1, $2, $3, $4, $5, $6) RETURNING "id"[0m  [["name", "Concrete Foundation"], ["price", 100000], ["buff", 200000], ["game_id", 1], ["created_at", "2019-11-12 19:10:05.208014"], ["updated_at", "2019-11-12 19:10:05.208014"]]
  [1m[35m (0.4ms)[0m  [1m[35mCOMMIT[0m
  [1m[36mGame Load (0.6ms)[0m  [1m[34mSELECT "games".* FROM "games" LIMIT $1[0m  [["LIMIT", 11]]
Started GET "/games/1" for ::1 at 2019-11-12 11:10:22 -0800
  [1m[35m (1.5ms)[0m  [1m[34mSELECT "schema_migrations"."version" FROM "schema_migrations" ORDER BY "schema_migrations"."version" ASC[0m
Processing by GamesController#show as HTML
  Parameters: {"id"=>"1"}
  [1m[36mGame Load (0.7ms)[0m  [1m[34mSELECT "games".* FROM "games" WHERE "games"."id" = $1 LIMIT $2[0m  [["id", 1], ["LIMIT", 1]]
  ↳ app/controllers/games_controller.rb:8:in `show'
[active_model_serializers]   [1m[36mUser Load (1.9ms)[0m  [1m[34mSELECT "users".* FROM "users" WHERE "users"."id" = $1 LIMIT $2[0m  [["id", 1], ["LIMIT", 1]]
[active_model_serializers]   ↳ app/controllers/games_controller.rb:9:in `show'
[active_model_serializers] Rendered GameSerializer with ActiveModelSerializers::Adapter::Attributes (35.87ms)
Completed 200 OK in 133ms (Views: 72.3ms | ActiveRecord: 25.1ms | Allocations: 17635)


Started GET "/games/1" for ::1 at 2019-11-12 11:10:25 -0800
Processing by GamesController#show as HTML
  Parameters: {"id"=>"1"}
  [1m[36mGame Load (0.6ms)[0m  [1m[34mSELECT "games".* FROM "games" WHERE "games"."id" = $1 LIMIT $2[0m  [["id", 1], ["LIMIT", 1]]
  ↳ app/controllers/games_controller.rb:8:in `show'
[active_model_serializers]   [1m[36mUser Load (0.4ms)[0m  [1m[34mSELECT "users".* FROM "users" WHERE "users"."id" = $1 LIMIT $2[0m  [["id", 1], ["LIMIT", 1]]
[active_model_serializers]   ↳ app/controllers/games_controller.rb:9:in `show'
[active_model_serializers] Rendered GameSerializer with ActiveModelSerializers::Adapter::Attributes (3.88ms)
Completed 200 OK in 8ms (Views: 4.4ms | ActiveRecord: 1.1ms | Allocations: 2065)


  [1m[36mGame Load (0.6ms)[0m  [1m[34mSELECT "games".* FROM "games" ORDER BY "games"."id" ASC LIMIT $1[0m  [["LIMIT", 1]]
Started GET "/games" for ::1 at 2019-11-12 11:11:11 -0800
Processing by GamesController#index as HTML
  [1m[36mGame Load (3.2ms)[0m  [1m[34mSELECT "games".* FROM "games"[0m
  ↳ app/controllers/games_controller.rb:4:in `index'
[active_model_serializers]   [1m[36mUser Load (1.9ms)[0m  [1m[34mSELECT "users".* FROM "users" WHERE "users"."id" = $1 LIMIT $2[0m  [["id", 1], ["LIMIT", 1]]
[active_model_serializers]   ↳ app/controllers/games_controller.rb:4:in `index'
[active_model_serializers] Rendered ActiveModel::Serializer::CollectionSerializer with ActiveModelSerializers::Adapter::Attributes (5.9ms)
Completed 200 OK in 14ms (Views: 9.0ms | ActiveRecord: 5.1ms | Allocations: 2430)


Started GET "/games" for ::1 at 2019-11-12 11:11:51 -0800
Processing by GamesController#index as */*
  [1m[36mGame Load (0.6ms)[0m  [1m[34mSELECT "games".* FROM "games"[0m
  ↳ app/controllers/games_controller.rb:4:in `index'
[active_model_serializers]   [1m[36mUser Load (0.5ms)[0m  [1m[34mSELECT "users".* FROM "users" WHERE "users"."id" = $1 LIMIT $2[0m  [["id", 1], ["LIMIT", 1]]
[active_model_serializers]   ↳ app/controllers/games_controller.rb:4:in `index'
[active_model_serializers] Rendered ActiveModel::Serializer::CollectionSerializer with ActiveModelSerializers::Adapter::Attributes (4.85ms)
Completed 200 OK in 9ms (Views: 7.4ms | ActiveRecord: 1.1ms | Allocations: 2404)


  [1m[36mGame Load (0.4ms)[0m  [1m[34mSELECT "games".* FROM "games" LIMIT $1[0m  [["LIMIT", 11]]
  [1m[35m (1.1ms)[0m  [1m[34mSELECT "schema_migrations"."version" FROM "schema_migrations" ORDER BY "schema_migrations"."version" ASC[0m
  [1m[35m (0.5ms)[0m  [1m[34mSELECT "ar_internal_metadata"."value" FROM "ar_internal_metadata" WHERE "ar_internal_metadata"."key" = $1[0m  [["key", "environment"]]
  [1m[35m (0.3ms)[0m  [1m[34mSELECT "schema_migrations"."version" FROM "schema_migrations" ORDER BY "schema_migrations"."version" ASC[0m
  [1m[35m (0.2ms)[0m  [1m[34mSELECT "ar_internal_metadata"."value" FROM "ar_internal_metadata" WHERE "ar_internal_metadata"."key" = $1[0m  [["key", "environment"]]
  [1m[35m (0.3ms)[0m  [1m[34mSELECT "schema_migrations"."version" FROM "schema_migrations" ORDER BY "schema_migrations"."version" ASC[0m
  [1m[35m (0.2ms)[0m  [1m[34mSELECT "ar_internal_metadata"."value" FROM "ar_internal_metadata" WHERE "ar_internal_metadata"."key" = $1[0m  [["key", "environment"]]
  [1m[35m (174.2ms)[0m  [1m[35mDROP DATABASE IF EXISTS "disaster_survival_api_development"[0m
  [1m[35m (153.8ms)[0m  [1m[35mDROP DATABASE IF EXISTS "disaster_survival_api_test"[0m
  [1m[35m (370.7ms)[0m  [1m[35mCREATE DATABASE "disaster_survival_api_development" ENCODING = 'unicode'[0m
  [1m[35m (276.5ms)[0m  [1m[35mCREATE DATABASE "disaster_survival_api_test" ENCODING = 'unicode'[0m
  [1m[35m (6.0ms)[0m  [1m[35mCREATE TABLE "schema_migrations" ("version" character varying NOT NULL PRIMARY KEY)[0m
  [1m[35m (3.8ms)[0m  [1m[35mCREATE TABLE "ar_internal_metadata" ("key" character varying NOT NULL PRIMARY KEY, "value" character varying, "created_at" timestamp(6) NOT NULL, "updated_at" timestamp(6) NOT NULL)[0m
  [1m[35m (0.2ms)[0m  [1m[34mSELECT pg_try_advisory_lock(6978825959941408020)[0m
  [1m[35m (1.8ms)[0m  [1m[34mSELECT "schema_migrations"."version" FROM "schema_migrations" ORDER BY "schema_migrations"."version" ASC[0m
Migrating to CreateUsers (20191112000353)
  [1m[35m (0.2ms)[0m  [1m[35mBEGIN[0m
  [1m[35m (12.1ms)[0m  [1m[35mCREATE TABLE "users" ("id" bigserial primary key, "username" character varying, "created_at" timestamp(6) NOT NULL, "updated_at" timestamp(6) NOT NULL)[0m
  [1m[36mprimary::SchemaMigration Create (1.6ms)[0m  [1m[32mINSERT INTO "schema_migrations" ("version") VALUES ($1) RETURNING "version"[0m  [["version", "20191112000353"]]
  [1m[35m (1.0ms)[0m  [1m[35mCOMMIT[0m
Migrating to CreateGames (20191112000400)
  [1m[35m (4.1ms)[0m  [1m[35mBEGIN[0m
  [1m[35m (12.4ms)[0m  [1m[35mCREATE TABLE "games" ("id" bigserial primary key, "game_name" character varying, "score" integer, "health" integer, "turn" integer, "status" boolean, "user_id" bigint NOT NULL, "created_at" timestamp(6) NOT NULL, "updated_at" timestamp(6) NOT NULL, CONSTRAINT "fk_rails_de9e6ea7f7"
FOREIGN KEY ("user_id")
  REFERENCES "users" ("id")
)[0m
  [1m[35m (2.6ms)[0m  [1m[35mCREATE  INDEX  "index_games_on_user_id" ON "games"  ("user_id")[0m
  [1m[36mprimary::SchemaMigration Create (1.3ms)[0m  [1m[32mINSERT INTO "schema_migrations" ("version") VALUES ($1) RETURNING "version"[0m  [["version", "20191112000400"]]
  [1m[35m (0.9ms)[0m  [1m[35mCOMMIT[0m
Migrating to CreateDisasters (20191112000424)
  [1m[35m (1.2ms)[0m  [1m[35mBEGIN[0m
  [1m[35m (9.0ms)[0m  [1m[35mCREATE TABLE "disasters" ("id" bigserial primary key, "name" character varying, "damage" integer, "game_id" bigint NOT NULL, "created_at" timestamp(6) NOT NULL, "updated_at" timestamp(6) NOT NULL, CONSTRAINT "fk_rails_0e5edd95b5"
FOREIGN KEY ("game_id")
  REFERENCES "games" ("id")
)[0m
  [1m[35m (2.7ms)[0m  [1m[35mCREATE  INDEX  "index_disasters_on_game_id" ON "disasters"  ("game_id")[0m
  [1m[36mprimary::SchemaMigration Create (0.7ms)[0m  [1m[32mINSERT INTO "schema_migrations" ("version") VALUES ($1) RETURNING "version"[0m  [["version", "20191112000424"]]
  [1m[35m (1.6ms)[0m  [1m[35mCOMMIT[0m
Migrating to CreateHints (20191112000610)
  [1m[35m (1.0ms)[0m  [1m[35mBEGIN[0m
  [1m[35m (9.3ms)[0m  [1m[35mCREATE TABLE "hints" ("id" bigserial primary key, "content" character varying, "probability" integer, "disaster_id" bigint NOT NULL, "created_at" timestamp(6) NOT NULL, "updated_at" timestamp(6) NOT NULL, CONSTRAINT "fk_rails_279eb73f41"
FOREIGN KEY ("disaster_id")
  REFERENCES "disasters" ("id")
)[0m
  [1m[35m (1.9ms)[0m  [1m[35mCREATE  INDEX  "index_hints_on_disaster_id" ON "hints"  ("disaster_id")[0m
  [1m[36mprimary::SchemaMigration Create (0.5ms)[0m  [1m[32mINSERT INTO "schema_migrations" ("version") VALUES ($1) RETURNING "version"[0m  [["version", "20191112000610"]]
  [1m[35m (1.3ms)[0m  [1m[35mCOMMIT[0m
Migrating to CreateProtections (20191112000921)
  [1m[35m (1.5ms)[0m  [1m[35mBEGIN[0m
  [1m[35m (9.0ms)[0m  [1m[35mCREATE TABLE "protections" ("id" bigserial primary key, "name" character varying, "price" integer, "buff" integer, "game_id" bigint NOT NULL, "created_at" timestamp(6) NOT NULL, "updated_at" timestamp(6) NOT NULL, CONSTRAINT "fk_rails_1bf807a014"
FOREIGN KEY ("game_id")
  REFERENCES "games" ("id")
)[0m
  [1m[35m (2.1ms)[0m  [1m[35mCREATE  INDEX  "index_protections_on_game_id" ON "protections"  ("game_id")[0m
  [1m[36mprimary::SchemaMigration Create (0.4ms)[0m  [1m[32mINSERT INTO "schema_migrations" ("version") VALUES ($1) RETURNING "version"[0m  [["version", "20191112000921"]]
  [1m[35m (0.6ms)[0m  [1m[35mCOMMIT[0m
  [1m[36mActiveRecord::InternalMetadata Load (0.8ms)[0m  [1m[34mSELECT "ar_internal_metadata".* FROM "ar_internal_metadata" WHERE "ar_internal_metadata"."key" = $1 LIMIT $2[0m  [["key", "environment"], ["LIMIT", 1]]
  [1m[35m (0.9ms)[0m  [1m[35mBEGIN[0m
  [1m[36mActiveRecord::InternalMetadata Create (2.3ms)[0m  [1m[32mINSERT INTO "ar_internal_metadata" ("key", "value", "created_at", "updated_at") VALUES ($1, $2, $3, $4) RETURNING "key"[0m  [["key", "environment"], ["value", "development"], ["created_at", "2019-11-12 19:22:07.632237"], ["updated_at", "2019-11-12 19:22:07.632237"]]
  [1m[35m (1.0ms)[0m  [1m[35mCOMMIT[0m
  [1m[35m (0.4ms)[0m  [1m[34mSELECT pg_advisory_unlock(6978825959941408020)[0m
  [1m[35m (1.4ms)[0m  [1m[34mSELECT "schema_migrations"."version" FROM "schema_migrations" ORDER BY "schema_migrations"."version" ASC[0m
  [1m[35m (0.9ms)[0m  [1m[34mSELECT "schema_migrations"."version" FROM "schema_migrations" ORDER BY "schema_migrations"."version" ASC[0m
  [1m[35m (0.2ms)[0m  [1m[35mBEGIN[0m
  [1m[36mUser Create (0.9ms)[0m  [1m[32mINSERT INTO "users" ("username", "created_at", "updated_at") VALUES ($1, $2, $3) RETURNING "id"[0m  [["username", "Admin"], ["created_at", "2019-11-12 19:22:09.332192"], ["updated_at", "2019-11-12 19:22:09.332192"]]
  [1m[35m (0.4ms)[0m  [1m[35mCOMMIT[0m
  [1m[35m (0.2ms)[0m  [1m[35mBEGIN[0m
  [1m[36mUser Load (0.3ms)[0m  [1m[34mSELECT "users".* FROM "users" WHERE "users"."id" = $1 LIMIT $2[0m  [["id", 1], ["LIMIT", 1]]
  [1m[36mGame Create (1.8ms)[0m  [1m[32mINSERT INTO "games" ("game_name", "score", "health", "turn", "status", "user_id", "created_at", "updated_at") VALUES ($1, $2, $3, $4, $5, $6, $7, $8) RETURNING "id"[0m  [["game_name", "Test"], ["score", 1], ["health", 100], ["turn", 1], ["status", true], ["user_id", 1], ["created_at", "2019-11-12 19:22:09.364079"], ["updated_at", "2019-11-12 19:22:09.364079"]]
  [1m[35m (0.6ms)[0m  [1m[35mCOMMIT[0m
  [1m[35m (0.2ms)[0m  [1m[35mBEGIN[0m
  [1m[36mGame Load (0.3ms)[0m  [1m[34mSELECT "games".* FROM "games" WHERE "games"."id" = $1 LIMIT $2[0m  [["id", 1], ["LIMIT", 1]]
  [1m[36mDisaster Create (1.1ms)[0m  [1m[32mINSERT INTO "disasters" ("name", "damage", "game_id", "created_at", "updated_at") VALUES ($1, $2, $3, $4, $5) RETURNING "id"[0m  [["name", "Hurricane"], ["damage", 3], ["game_id", 1], ["created_at", "2019-11-12 19:22:09.388145"], ["updated_at", "2019-11-12 19:22:09.388145"]]
  [1m[35m (0.4ms)[0m  [1m[35mCOMMIT[0m
  [1m[35m (0.1ms)[0m  [1m[35mBEGIN[0m
  [1m[36mGame Load (0.3ms)[0m  [1m[34mSELECT "games".* FROM "games" WHERE "games"."id" = $1 LIMIT $2[0m  [["id", 1], ["LIMIT", 1]]
  [1m[36mDisaster Create (0.5ms)[0m  [1m[32mINSERT INTO "disasters" ("name", "damage", "game_id", "created_at", "updated_at") VALUES ($1, $2, $3, $4, $5) RETURNING "id"[0m  [["name", "Tsunami"], ["damage", 7], ["game_id", 1], ["created_at", "2019-11-12 19:22:09.394326"], ["updated_at", "2019-11-12 19:22:09.394326"]]
  [1m[35m (0.5ms)[0m  [1m[35mCOMMIT[0m
  [1m[35m (0.2ms)[0m  [1m[35mBEGIN[0m
  [1m[36mGame Load (0.3ms)[0m  [1m[34mSELECT "games".* FROM "games" WHERE "games"."id" = $1 LIMIT $2[0m  [["id", 1], ["LIMIT", 1]]
  [1m[36mDisaster Create (0.4ms)[0m  [1m[32mINSERT INTO "disasters" ("name", "damage", "game_id", "created_at", "updated_at") VALUES ($1, $2, $3, $4, $5) RETURNING "id"[0m  [["name", "Volcanoes"], ["damage", 6], ["game_id", 1], ["created_at", "2019-11-12 19:22:09.400123"], ["updated_at", "2019-11-12 19:22:09.400123"]]
  [1m[35m (0.5ms)[0m  [1m[35mCOMMIT[0m
  [1m[35m (0.2ms)[0m  [1m[35mBEGIN[0m
  [1m[36mGame Load (0.5ms)[0m  [1m[34mSELECT "games".* FROM "games" WHERE "games"."id" = $1 LIMIT $2[0m  [["id", 1], ["LIMIT", 1]]
  [1m[36mDisaster Create (0.5ms)[0m  [1m[32mINSERT INTO "disasters" ("name", "damage", "game_id", "created_at", "updated_at") VALUES ($1, $2, $3, $4, $5) RETURNING "id"[0m  [["name", "Squatters"], ["damage", 2], ["game_id", 1], ["created_at", "2019-11-12 19:22:09.406484"], ["updated_at", "2019-11-12 19:22:09.406484"]]
  [1m[35m (0.5ms)[0m  [1m[35mCOMMIT[0m
  [1m[35m (0.2ms)[0m  [1m[35mBEGIN[0m
  [1m[36mGame Load (0.3ms)[0m  [1m[34mSELECT "games".* FROM "games" WHERE "games"."id" = $1 LIMIT $2[0m  [["id", 1], ["LIMIT", 1]]
  [1m[36mProtection Create (1.1ms)[0m  [1m[32mINSERT INTO "protections" ("name", "price", "buff", "game_id", "created_at", "updated_at") VALUES ($1, $2, $3, $4, $5, $6) RETURNING "id"[0m  [["name", "Plywood"], ["price", 20], ["buff", 1], ["game_id", 1], ["created_at", "2019-11-12 19:22:09.428752"], ["updated_at", "2019-11-12 19:22:09.428752"]]
  [1m[35m (0.4ms)[0m  [1m[35mCOMMIT[0m
  [1m[35m (0.1ms)[0m  [1m[35mBEGIN[0m
  [1m[36mGame Load (0.3ms)[0m  [1m[34mSELECT "games".* FROM "games" WHERE "games"."id" = $1 LIMIT $2[0m  [["id", 1], ["LIMIT", 1]]
  [1m[36mProtection Create (0.6ms)[0m  [1m[32mINSERT INTO "protections" ("name", "price", "buff", "game_id", "created_at", "updated_at") VALUES ($1, $2, $3, $4, $5, $6) RETURNING "id"[0m  [["name", "Hurricane Shutters"], ["price", 100], ["buff", 1000], ["game_id", 1], ["created_at", "2019-11-12 19:22:09.434731"], ["updated_at", "2019-11-12 19:22:09.434731"]]
  [1m[35m (0.5ms)[0m  [1m[35mCOMMIT[0m
  [1m[35m (0.1ms)[0m  [1m[35mBEGIN[0m
  [1m[36mGame Load (0.2ms)[0m  [1m[34mSELECT "games".* FROM "games" WHERE "games"."id" = $1 LIMIT $2[0m  [["id", 1], ["LIMIT", 1]]
  [1m[36mProtection Create (0.5ms)[0m  [1m[32mINSERT INTO "protections" ("name", "price", "buff", "game_id", "created_at", "updated_at") VALUES ($1, $2, $3, $4, $5, $6) RETURNING "id"[0m  [["name", "Sandbags"], ["price", 20], ["buff", 1], ["game_id", 1], ["created_at", "2019-11-12 19:22:09.440738"], ["updated_at", "2019-11-12 19:22:09.440738"]]
  [1m[35m (0.5ms)[0m  [1m[35mCOMMIT[0m
  [1m[35m (0.1ms)[0m  [1m[35mBEGIN[0m
  [1m[36mGame Load (0.2ms)[0m  [1m[34mSELECT "games".* FROM "games" WHERE "games"."id" = $1 LIMIT $2[0m  [["id", 1], ["LIMIT", 1]]
  [1m[36mProtection Create (0.5ms)[0m  [1m[32mINSERT INTO "protections" ("name", "price", "buff", "game_id", "created_at", "updated_at") VALUES ($1, $2, $3, $4, $5, $6) RETURNING "id"[0m  [["name", "Steel Braces + Bolts"], ["price", 1000], ["buff", 10000], ["game_id", 1], ["created_at", "2019-11-12 19:22:09.458100"], ["updated_at", "2019-11-12 19:22:09.458100"]]
  [1m[35m (0.4ms)[0m  [1m[35mCOMMIT[0m
  [1m[35m (0.1ms)[0m  [1m[35mBEGIN[0m
  [1m[36mGame Load (0.3ms)[0m  [1m[34mSELECT "games".* FROM "games" WHERE "games"."id" = $1 LIMIT $2[0m  [["id", 1], ["LIMIT", 1]]
  [1m[36mProtection Create (0.6ms)[0m  [1m[32mINSERT INTO "protections" ("name", "price", "buff", "game_id", "created_at", "updated_at") VALUES ($1, $2, $3, $4, $5, $6) RETURNING "id"[0m  [["name", "Concrete Foundation"], ["price", 100000], ["buff", 200000], ["game_id", 1], ["created_at", "2019-11-12 19:22:09.464580"], ["updated_at", "2019-11-12 19:22:09.464580"]]
  [1m[35m (0.6ms)[0m  [1m[35mCOMMIT[0m
  [1m[36mGame Load (0.6ms)[0m  [1m[34mSELECT "games".* FROM "games" LIMIT $1[0m  [["LIMIT", 11]]
  [1m[36mGame Load (0.5ms)[0m  [1m[34mSELECT "games".* FROM "games" ORDER BY "games"."id" ASC LIMIT $1[0m  [["LIMIT", 1]]
Started GET "/games" for ::1 at 2019-11-12 11:22:48 -0800
  [1m[35m (1.3ms)[0m  [1m[34mSELECT "schema_migrations"."version" FROM "schema_migrations" ORDER BY "schema_migrations"."version" ASC[0m
Processing by GamesController#index as HTML
  [1m[36mGame Load (1.8ms)[0m  [1m[34mSELECT "games".* FROM "games"[0m
  ↳ app/controllers/games_controller.rb:4:in `index'
[active_model_serializers]   [1m[36mUser Load (0.7ms)[0m  [1m[34mSELECT "users".* FROM "users" WHERE "users"."id" = $1 LIMIT $2[0m  [["id", 1], ["LIMIT", 1]]
[active_model_serializers]   ↳ app/controllers/games_controller.rb:4:in `index'
[active_model_serializers] Rendered ActiveModel::Serializer::CollectionSerializer with ActiveModelSerializers::Adapter::Attributes (25.2ms)
Completed 200 OK in 90ms (Views: 59.0ms | ActiveRecord: 23.7ms | Allocations: 17901)


  [1m[36mGame Load (0.7ms)[0m  [1m[34mSELECT "games".* FROM "games" ORDER BY "games"."id" ASC LIMIT $1[0m  [["LIMIT", 1]]
Started GET "/games" for ::1 at 2019-11-12 11:33:09 -0800
Processing by GamesController#index as HTML
  [1m[36mGame Load (1.1ms)[0m  [1m[34mSELECT "games".* FROM "games"[0m
  ↳ app/controllers/games_controller.rb:4:in `index'
[active_model_serializers]   [1m[36mUser Load (0.5ms)[0m  [1m[34mSELECT "users".* FROM "users" WHERE "users"."id" = $1 LIMIT $2[0m  [["id", 1], ["LIMIT", 1]]
[active_model_serializers]   ↳ app/controllers/games_controller.rb:4:in `index'
[active_model_serializers] Rendered ActiveModel::Serializer::CollectionSerializer with ActiveModelSerializers::Adapter::Attributes (9.59ms)
Completed 200 OK in 26ms (Views: 20.7ms | ActiveRecord: 1.8ms | Allocations: 13060)


Started GET "/games" for ::1 at 2019-11-12 11:33:36 -0800
Processing by GamesController#index as */*
  [1m[36mGame Load (1.7ms)[0m  [1m[34mSELECT "games".* FROM "games"[0m
  ↳ app/controllers/games_controller.rb:4:in `index'
[active_model_serializers]   [1m[36mUser Load (2.7ms)[0m  [1m[34mSELECT "users".* FROM "users" WHERE "users"."id" = $1 LIMIT $2[0m  [["id", 1], ["LIMIT", 1]]
[active_model_serializers]   ↳ app/controllers/games_controller.rb:4:in `index'
[active_model_serializers] Rendered ActiveModel::Serializer::CollectionSerializer with ActiveModelSerializers::Adapter::Attributes (8.78ms)
Completed 200 OK in 16ms (Views: 11.1ms | ActiveRecord: 4.4ms | Allocations: 2439)


